0 info it worked if it ends with ok
1 verbose cli [ 'node', '/usr/bin/npm', 'version', '0.1.3' ]
2 info using npm@2.13.0
3 info using node@v0.12.7
4 info git [ 'status', '--porcelain' ]
5 verbose stack Error: Git working directory not clean.
5 verbose stack M node-pirate.js
5 verbose stack     at /usr/lib/node_modules/npm/lib/version.js:171:21
5 verbose stack     at ChildProcess.exithandler (child_process.js:742:7)
5 verbose stack     at ChildProcess.emit (events.js:110:17)
5 verbose stack     at maybeClose (child_process.js:1015:16)
5 verbose stack     at Socket.<anonymous> (child_process.js:1183:11)
5 verbose stack     at Socket.emit (events.js:107:17)
5 verbose stack     at Pipe.close (net.js:485:12)
6 verbose cwd /home/nearby/Sites/PiratesBayScraper
7 error Linux 4.0.7-2-ARCH
8 error argv "node" "/usr/bin/npm" "version" "0.1.3"
9 error node v0.12.7
10 error npm  v2.13.0
11 error Git working directory not clean.
11 error M node-pirate.js
12 error If you need help, you may report this error at:
12 error     <https://github.com/npm/npm/issues>
13 verbose exit [ 1, true ]
